2026-01-27 15:24:00,124 - INFO - ⚠️ NIFTY IN CONSOLIDATION ZONE!
2026-01-27 15:24:00,124 - INFO - ================================================================================
2026-01-27 15:24:00,124 - INFO -    Previous Day Range: 25025.30 - 25347.95 (322.65 pts)      
2026-01-27 15:24:00,125 - INFO -    Buffer (10%): ±32.27 pts
2026-01-27 15:24:00,125 - INFO -    Block Zone: 24993.03 - 25380.22
2026-01-27 15:24:00,125 - INFO -    Current NIFTY: 25214.00 (58.5% in range)
2026-01-27 15:24:00,125 - INFO -    📊 Market SIDEWAYS - expect choppy, whipsaw movement      
2026-01-27 15:24:00,126 - INFO -    🚫 DO NOT TRADE - Wait for genuine breakout
2026-01-27 15:24:00,126 - INFO - ================================================================================
2026-01-27 15:24:00,126 - INFO -
2026-01-27 15:24:00,126 - INFO - ================================================================================
2026-01-27 15:24:00,127 - INFO - ⛔ CE SIGNAL REJECTED - RANGE-BOUND MARKET!
2026-01-27 15:24:00,127 - INFO - ================================================================================
2026-01-27 15:24:00,127 - INFO -    NIFTY trapped in previous day's range + 10% buffer        
======================
2026-01-27 15:25:00,131 - WARNING - ================================================================================    
2026-01-27 15:25:00,132 - INFO -
2026-01-27 15:25:00,132 - INFO - ================================================================================       
2026-01-27 15:25:00,133 - INFO - 📊 END OF DAY SUMMARY - SMART FILTER MODE v3.1
2026-01-27 15:25:00,135 - INFO - ================================================================================       
2026-01-27 15:25:00,135 - INFO - CE: 0 trades | 0W-0L | P&L: ₹0.00
2026-01-27 15:25:00,136 - INFO - PE: 0 trades | 0W-0L | P&L: ₹0.00
2026-01-27 15:25:00,136 - INFO - TOTAL: 0 trades | Net P&L: ₹0.00
2026-01-27 15:25:00,137 - INFO - ====================================================================

Note: Network Issues and Implemented new stateful file to save the data loss from internet Issues

V4.0 RELEASED ~

+++++++++++++++++++++++++++++++++++++++++++++++++++