2026-01-12 15:24:58,843 - INFO - ⏰ 15:24:58 | Candle: 2026-01-12 15:15:00+05:30
2026-01-12 15:24:58,843 - INFO -    CE Strike 25800: C=187.60 | WATCHING 👀 (0 trades today)
2026-01-12 15:24:58,844 - INFO -    PE Strike 25800: C=134.95 | WATCHING 👀 (6 trades today)
2026-01-12 15:24:58,844 - INFO - ================================================================================
2026-01-12 15:25:58,845 - INFO - 🔴 Market closed
2026-01-12 15:25:58,846 - INFO - 
2026-01-12 15:25:58,846 - INFO - ================================================================================
2026-01-12 15:25:58,846 - INFO - 📊 END OF DAY SUMMARY - SMART FILTER MODE v3.1
2026-01-12 15:25:58,847 - INFO - ================================================================================
2026-01-12 15:25:58,847 - INFO - CE: 0 trades | 0W-0L | P&L: ₹0.00
2026-01-12 15:25:58,847 - INFO - PE: 6 trades | 3W-3L | P&L: ₹2,509.00
2026-01-12 15:25:58,848 - INFO - TOTAL: 6 trades | Net P&L: ₹2,509.00
2026-01-12 15:25:58,848 - INFO - ================================================================================
Note: Clean trades wit zero manual intervention. Automation is working perfectly.

+++++++++++++++++++++++++++++++++++++++++++++++++++

2026-01-13 15:25:22,251 - INFO - 
2026-01-13 15:25:22,251 - INFO - ================================================================================
2026-01-13 15:25:22,252 - INFO - 📊 END OF DAY SUMMARY - SMART FILTER MODE v3.1
2026-01-13 15:25:22,252 - INFO - ================================================================================
2026-01-13 15:25:22,252 - INFO - CE: 0 trades | 0W-0L | P&L: ₹0.00
2026-01-13 15:25:22,253 - INFO - PE: 0 trades | 0W-0L | P&L: ₹0.00
2026-01-13 15:25:22,253 - INFO - TOTAL: 0 trades | Net P&L: ₹0.00
2026-01-13 15:25:22,253 - INFO - ================================================================================

Note: Sideways Market | Executed no trades
++++++++++++++++++++++++++++++++++++++++++++++++++++
2026-01-14 15:25:13,869 - INFO - 🔴 Market closed
2026-01-14 15:25:13,869 - INFO - 
2026-01-14 15:25:13,870 - INFO - ================================================================================
2026-01-14 15:25:13,870 - INFO - 📊 END OF DAY SUMMARY - SMART FILTER MODE v3.1
2026-01-14 15:25:13,870 - INFO - ================================================================================
2026-01-14 15:25:13,870 - INFO - CE: 0 trades | 0W-0L | P&L: ₹0.00
2026-01-14 15:25:13,871 - INFO - PE: 0 trades | 0W-0L | P&L: ₹0.00
2026-01-14 15:25:13,871 - INFO - TOTAL: 0 trades | Net P&L: ₹0.00
2026-01-14 15:25:13,871 - INFO - ================================================================================

Note: Sideways Market | Executed no trades
++++++++++++++++++++++++++++++++++++++++++++++++++++

15-Jan-2026: HOLIDAY - MAHARASTRA ELECTIONS

++++++++++++++++++++++++++++++++++++++++++++++++++++

2026-01-16 15:27:53,366 - INFO - ================================================================================
2026-01-16 15:27:53,366 - INFO - ⛔ PE SIGNAL REJECTED - RANGE-BOUND MARKET!
2026-01-16 15:27:53,366 - INFO - ================================================================================
2026-01-16 15:27:53,366 - INFO -    NIFTY trapped in previous day's range + 10% buffer
2026-01-16 15:27:53,367 - INFO -    Market consolidating - high probability of whipsaw
2026-01-16 15:27:53,367 - INFO -    🚫 Wait for genuine breakout above/below range
2026-01-16 15:27:53,369 - INFO - ================================================================================
2026-01-16 15:28:53,370 - WARNING - 
2026-01-16 15:28:53,371 - WARNING - ================================================================================
2026-01-16 15:28:53,371 - WARNING - 🔴 MARKET CLOSING - FORCE EXIT ALL POSITIONS AT 3:28 PM
2026-01-16 15:28:53,371 - WARNING - ================================================================================
2026-01-16 15:28:53,372 - WARNING - ================================================================================
2026-01-16 15:28:53,372 - INFO -
2026-01-16 15:28:53,372 - INFO - ================================================================================
2026-01-16 15:28:53,373 - INFO - 📊 END OF DAY SUMMARY - SMART FILTER MODE v3.1
2026-01-16 15:28:53,373 - INFO - ================================================================================
2026-01-16 15:28:53,374 - INFO - CE: 0 trades | 0W-0L | P&L: ₹0.00
2026-01-16 15:28:53,374 - INFO - PE: 0 trades | 0W-0L | P&L: ₹0.00
2026-01-16 15:28:53,374 - INFO - TOTAL: 0 trades | Net P&L: ₹0.00
2026-01-16 15:28:53,375 - INFO - ================================================================================

Note: Sideways market again today, No trades executed.
