📊 SMART FILTER BOT – PERFORMANCE STATS
Overall

Total trading days: 4

Active trading days: 2

No-trade days (filtered): 2

Trades

Total trades: 3

Winning trades: 2

Losing trades: 1

Win Rate

Win rate: 66.67%

Loss rate: 33.33%

P&L

Gross Profit: ₹4,962.75

Gross Loss: ₹1,101.75

Net P&L: ₹3,861.00

Per-Trade Metrics

Average P&L per trade: ₹1,287

Average win: ₹2,481.38

Average loss: ₹1,101.75

Risk–Reward (Avg Win / Avg Loss): 2.25 : 1

Daily Outcomes

Best day: +₹3,861 (Jan 29)

Worst day: -₹471.25 (Jan 28)

Max consecutive wins: 1

Max consecutive losses: 1

Behavioral Stats

Sideways market avoidance accuracy: 100%

Force-exit failures: 0

Network-related trade loss: 0 (stateful recovery working)

🧠 Interpretation (Important)

66% win rate + 2.25 R:R = positive expectancy

Profits driven by RSI bypass days

Losses are controlled and capped

Strategy shows discipline + selectivity, not overtrading


Here is your P&L summary in a clean, copy-paste friendly format.
Weekly Trading Summary: Jan 27 – Jan 30, 2026

P&L BY DATE

    2026-01-27: ₹0.00 (No trades - Market Consolidation)

    2026-01-28: ₹-471.25 (2 trades: 1W, 1L)

    2026-01-29: ₹3,861.00 (1 trade: 1W)

    2026-01-30: ₹0.00 (No trades - Sideways)

TOTAL WEEKLY PERFORMANCE

    Total Trades: 3

    Win Rate: 66.6% (2W - 1L)

    Net P&L: ₹3,389.75

    Status: Profitable

Can proceed with v4.2 deployment from Feb 2026. 