Day 1 trade: Profitable day ( Jan 2, 2026)

2026-01-02 15:25:45,156 - INFO - 📊 END OF DAY SUMMARY - SMART FILTER MODE v3.1
2026-01-02 15:25:45,156 - INFO - ================================================================================
2026-01-02 15:25:45,157 - INFO - CE: 3 trades | 2W-0L | P&L: ₹3,259.75
2026-01-02 15:25:45,158 - INFO - PE: 0 trades | 0W-0L | P&L: ₹0.00
2026-01-02 15:25:45,158 - INFO - TOTAL: 3 trades | Net P&L: ₹3,259.75
2026-01-02 15:25:45,159 - INFO - ================================================================================
++++++++++++++++++++++++++++++++++++++++++++++

day 2 trade: loss day ( Jan 5, 2026)

2026-01-05 15:25:57,373 - INFO - 📊 END OF DAY SUMMARY - SMART FILTER MODE v3.1
2026-01-05 15:25:57,373 - INFO - ================================================================================
2026-01-05 15:25:57,373 - INFO - CE: 1 trades | 0W-1L | P&L: ₹-555.75
2026-01-05 15:25:57,373 - INFO - PE: 0 trades | 0W-0L | P&L: ₹0.00
2026-01-05 15:25:57,374 - INFO - TOTAL: 1 trades | Net P&L: ₹-555.75
2026-01-05 15:25:57,374 - INFO - ================================================================================

+++++++++++++++++++++++++++++++++++++++++++++++

Day 3 trade: LOSS day ( Jan 6,2025)

2026-01-06 15:25:17,751 - INFO - 📊 END OF DAY SUMMARY - SMART FILTER MODE v3.1
2026-01-06 15:25:17,752 - INFO - ================================================================================
2026-01-06 15:25:17,752 - INFO - CE: 0 trades | 0W-0L | P&L: ₹0.00
2026-01-06 15:25:17,752 - INFO - PE: 2 trades | 0W-1L | P&L: ₹-585.00
2026-01-06 15:25:17,752 - INFO - TOTAL: 2 trades | Net P&L: ₹-585.00
2026-01-06 15:25:17,753 - INFO - ================================================================================

+++++++++++++++++++++++++++++++++++++++++++++++

Day 4 trade: Loss day ( Jan 7, 2025)

2026-01-07 15:25:05,057 - INFO - 📊 END OF DAY SUMMARY - SMART FILTER MODE v3.1
2026-01-07 15:25:05,057 - INFO - ================================================================================
2026-01-07 15:25:05,058 - INFO - CE: 0 trades | 0W-0L | P&L: ₹0.00
2026-01-07 15:25:05,058 - INFO - PE: 2 trades | 0W-2L | P&L: ₹-1,228.50
2026-01-07 15:25:05,059 - INFO - TOTAL: 2 trades | Net P&L: ₹-1,228.50
2026-01-07 15:25:05,059 - INFO - ================================================================================
remarks: Network issues/PC drive problem

+++++++++++++++++++++++++++++++++++++++++++++++

Day 5 : Profitable day ( Jan 8, 2025)

2026-01-08 14:35:36,212 - INFO - ✅ PE POSITION ENTERED! (Trade #1)
2026-01-08 14:35:36,213 - INFO - ================================================================================
2026-01-08 14:35:36,215 - INFO -    Strike: 25900 | NIFTY2612025900PE
2026-01-08 14:35:36,216 - INFO -    Entry: ₹114.50 | Signal: ₹113.30 (+1.06%)
2026-01-08 14:35:36,218 - INFO -    Cost: ₹7,442.50 | Initial SL: ₹106.48
2026-01-08 14:35:36,220 - INFO -    Strategy: PROGRESSIVE PROFIT LOCK + 4-LAYER SMART FILTERS
2026-01-08 14:35:36,221 - INFO -    🎯 Targets: 15% → 20% → 30% → 40% → 50%+
2026-01-08 14:35:36,223 - INFO -    Reason: Rally entry (+1.06%)
2026-01-08 14:35:36,224 - INFO -    Order: 260108171629933
2026-01-08 14:35:36,226 - INFO -    📊 Today: 1 trades | 0W-0L
2026-01-08 15:28:38,983 - INFO - 💎 PE 20% PROFIT REACHED! (Trade #1)
2026-01-08 15:28:38,984 - INFO -    SL moved to ₹137.40 (+20% locked)
2026-01-08 15:28:43,294 - INFO - 🔴 Market closed
2026-01-08 15:28:43,294 - INFO - 
2026-01-08 15:28:43,295 - INFO - ================================================================================
2026-01-08 15:28:43,295 - INFO - 📊 END OF DAY SUMMARY - SMART FILTER MODE v3.1
2026-01-08 15:28:43,295 - INFO - ================================================================================
2026-01-08 15:28:43,296 - INFO - CE: 0 trades | 0W-0L | P&L: ₹0.00
2026-01-08 15:28:43,296 - INFO - PE: 1 trades | 0W-0L | P&L: ₹0.00
2026-01-08 15:28:43,297 - INFO - TOTAL: 1 trades | Net P&L: 1488.5
2026-01-08 15:28:43,297 - INFO - ================================================================================

Note: This trade was effected by N/w problems and Started the script late.

+++++++++++++++++++++++++++++++++++++++++++++++

2026-01-09 15:22:42,872 - INFO - ================================================================================
2026-01-09 15:22:42,872 - INFO - ⏰ 15:22:42 | Candle: 2026-01-09 15:15:00+05:30
2026-01-09 15:22:42,873 - INFO -    CE Strike 25700: C=201.35 | WATCHING 👀 (0 trades today)
2026-01-09 15:22:42,918 - INFO -    PE Strike 25700: C=133.85 | POSITION ✅ (Trade #10, P&L: -3.4%, Peak: 2.9%)
2026-01-09 15:22:42,918 - INFO - ================================================================================
2026-01-09 15:23:43,146 - INFO - 
2026-01-09 15:23:43,147 - INFO - ================================================================================
2026-01-09 15:23:43,147 - INFO - ⏰ 15:23:42 | Candle: 2026-01-09 15:15:00+05:30
2026-01-09 15:23:43,147 - INFO -    CE Strike 25700: C=199.00 | WATCHING 👀 (0 trades today)
2026-01-09 15:23:43,192 - INFO -    PE Strike 25700: C=136.00 | POSITION ✅ (Trade #10, P&L: -1.0%, Peak: 2.9%)
2026-01-09 15:23:43,192 - INFO - ================================================================================
2026-01-09 15:24:43,348 - INFO - 
2026-01-09 15:24:43,348 - INFO - ================================================================================
2026-01-09 15:24:43,349 - INFO - ⏰ 15:24:43 | Candle: 2026-01-09 15:15:00+05:30
2026-01-09 15:24:43,349 - INFO -    CE Strike 25700: C=197.45 | WATCHING 👀 (0 trades today)
2026-01-09 15:24:43,384 - INFO -    PE Strike 25700: C=138.45 | POSITION ✅ (Trade #10, P&L: +0.3%, Peak: 2.9%)
2026-01-09 15:24:43,385 - INFO - ================================================================================
2026-01-09 15:25:43,386 - INFO - 🔴 Market closed
2026-01-09 15:25:43,386 - INFO - 
2026-01-09 15:25:43,386 - INFO - ================================================================================
2026-01-09 15:25:43,386 - INFO - 📊 END OF DAY SUMMARY - SMART FILTER MODE v3.1
2026-01-09 15:25:43,387 - INFO - ================================================================================
2026-01-09 15:25:43,387 - INFO - CE: 0 trades | 0W-0L | P&L: ₹0.00
2026-01-09 15:25:43,387 - INFO - PE: 10 trades | 6W-3L | P&L: ₹5,876.00
2026-01-09 15:25:43,387 - INFO - TOTAL: 10 trades | Net P&L: ₹5,876.00
2026-01-09 15:25:43,388 - INFO - ================================================================================

Note: This was the best trade ever!!!!
Automation works the best, no manual trading from now on, please!

+++++++++++++++++++++++++++++++++++++++++++++++



