2026-01-19

Trades: 6

CE: 0 trades | P&L: ₹0.00

PE: 6 trades | 3W-3L | P&L: ₹1,625.00

Net P&L: +₹1,625.00

Remark: Market close force-exit at 3:28 PM

2026-01-20

Trades: 3

CE: 0 trades | P&L: ₹0.00

PE: 3 trades | 1W-2L | P&L: ₹-204.75

Net P&L: -₹204.75

Remark: Roller-coaster day, profits not sustained

2026-01-21

Trades: 6

CE: 0 trades | P&L: ₹0.00

PE: 6 trades | 0W-6L | P&L: ₹-3,724.50

Net P&L: -₹3,724.50

Remark: Tough day, strategy review needed

2026-01-22

Trades: 0

CE: 0 trades | P&L: ₹0.00

PE: 0 trades | P&L: ₹0.00

Net P&L: ₹0.00

Remark: Sideways market, no trades taken

📊 Overall (Jan 19–22)

Total Trading Days: 4

Profitable Days: 1

Losing Days: 2

Flat Days: 1

Cumulative P&L: ₹-2,304.25