2026-01-19 15:28:45,779 - WARNING - 
2026-01-19 15:28:45,780 - WARNING - ================================================================================
2026-01-19 15:28:45,780 - WARNING - 🔴 MARKET CLOSING - FORCE EXIT ALL POSITIONS AT 3:28 PM
2026-01-19 15:28:45,781 - WARNING - ================================================================================
2026-01-19 15:28:47,680 - ERROR - ❌ Order failed: Intraday orders (MIS) are allowed only till 3.26 PM. Try placing an NRML order.
2026-01-19 15:28:47,680 - INFO - ✅ Loss streak broken! Resetting counter from 2
2026-01-19 15:28:47,681 - INFO -
2026-01-19 15:28:47,681 - INFO - ================================================================================
2026-01-19 15:28:47,681 - INFO - ❌ PE POSITION EXITED! (Trade #6)
2026-01-19 15:28:47,682 - INFO - ================================================================================
2026-01-19 15:28:47,682 - INFO -    Reason: FORCE EXIT at market close (3:28 PM)
2026-01-19 15:28:47,682 - INFO -    Strike: 25600 | NIFTY26JAN25600PE
2026-01-19 15:28:47,683 - INFO -    Entry: ₹154.90 | Exit: ₹165.45
2026-01-19 15:28:47,683 - INFO -    Duration: 0:10:34.600247
2026-01-19 15:28:47,683 - INFO -    Peak Reached: 7.7%
2026-01-19 15:28:47,684 - INFO -    Final P&L: ₹685.75 (+6.8%)
2026-01-19 15:28:47,684 - INFO -    📊 Today: 6 trades | 3W-3L | P&L: ₹1,625.00
2026-01-19 15:28:47,684 - INFO - ================================================================================
2026-01-19 15:28:47,684 - WARNING - ✅ PE position force-exited at ₹165.45
2026-01-19 15:28:47,685 - WARNING - ================================================================================
2026-01-19 15:28:47,685 - INFO -
2026-01-19 15:28:47,685 - INFO - ================================================================================
2026-01-19 15:28:47,685 - INFO - 📊 END OF DAY SUMMARY - SMART FILTER MODE v3.1
2026-01-19 15:28:47,686 - INFO - ================================================================================
2026-01-19 15:28:47,686 - INFO - CE: 0 trades | 0W-0L | P&L: ₹0.00
2026-01-19 15:28:47,686 - INFO - PE: 6 trades | 3W-3L | P&L: ₹1,625.00
2026-01-19 15:28:47,686 - INFO - TOTAL: 6 trades | Net P&L: ₹1,625.00
2026-01-19 15:28:47,687 - INFO - ================================================================================
2026-01-19 15:28:47,799 - ERROR - Monitor error: 'NoneType' object is not subscriptable

Note: All trades will get auto exited at 3:28PM IST
+++++++++++++++++++++++++++++++++++++++++++++++++++

2026-01-20 15:28:02,934 - WARNING - 
2026-01-20 15:28:02,934 - WARNING - ================================================================================
2026-01-20 15:28:02,934 - WARNING - 🔴 MARKET CLOSING - FORCE EXIT ALL POSITIONS AT 3:28 PM
2026-01-20 15:28:02,935 - WARNING - ================================================================================
2026-01-20 15:28:02,935 - WARNING - ================================================================================
2026-01-20 15:28:02,935 - INFO -
2026-01-20 15:28:02,936 - INFO - ================================================================================
2026-01-20 15:28:02,936 - INFO - 📊 END OF DAY SUMMARY - SMART FILTER MODE v3.1
2026-01-20 15:28:02,936 - INFO - ================================================================================
2026-01-20 15:28:02,937 - INFO - CE: 0 trades | 0W-0L | P&L: ₹0.00
2026-01-20 15:28:02,937 - INFO - PE: 3 trades | 1W-2L | P&L: ₹-204.75
2026-01-20 15:28:02,937 - INFO - TOTAL: 3 trades | Net P&L: ₹-204.75
2026-01-20 15:28:02,937 - INFO - ================================================================================

Note: Roller coster day! Few trades went in profit but overall ended in loss.
+++++++++++++++++++++++++++++++++++++++++++++++++++
2026-01-21 15:25:14,110 - INFO - 
2026-01-21 15:25:14,110 - INFO - ================================================================================
2026-01-21 15:25:14,110 - INFO - 📊 END OF DAY SUMMARY - SMART FILTER MODE v3.1
2026-01-21 15:25:14,110 - INFO - ================================================================================
2026-01-21 15:25:14,111 - INFO - CE: 0 trades | 0W-0L | P&L: ₹0.00
2026-01-21 15:25:14,111 - INFO - PE: 6 trades | 0W-6L | P&L: ₹-3,724.50
2026-01-21 15:25:14,111 - INFO - TOTAL: 6 trades | Net P&L: ₹-3,724.50
2026-01-21 15:25:14,111 - INFO - ================================================================================

Note: Tough day! All trades resulted in losses. Reviewing strategy.
+++++++++++++++++++++++++++++++++++++++++++++++++++


++++++++++++++++++++++++++++++++++++++++++++++++++
2026-01-22 15:25:48,990 - WARNING - ================================================================================
2026-01-22 15:25:48,990 - INFO - 
2026-01-22 15:25:48,991 - INFO - ================================================================================
2026-01-22 15:25:48,991 - INFO - 📊 END OF DAY SUMMARY - SMART FILTER MODE v3.1
2026-01-22 15:25:48,991 - INFO - ================================================================================
2026-01-22 15:25:48,992 - INFO - CE: 0 trades | 0W-0L | P&L: ₹0.00
2026-01-22 15:25:48,992 - INFO - PE: 0 trades | 0W-0L | P&L: ₹0.00
2026-01-22 15:25:48,992 - INFO - TOTAL: 0 trades | Net P&L: ₹0.00
2026-01-22 15:25:48,993 - INFO - ================================================================================

Note: It was a sideways market