2026-02-01 15:25:00,140 - INFO - 📊 END OF DAY SUMMARY - SMART FILTER MODE v4.0
2026-02-01 15:25:00,140 - INFO - ================================================================================
2026-02-01 15:25:00,141 - INFO - CE: 0 trades | 0W-0L | P&L: ₹0.00
2026-02-01 15:25:00,141 - INFO - PE: 0 trades | 0W-0L | P&L: ₹0.00
2026-02-01 15:25:00,141 - INFO - TOTAL: 0 trades | Net P&L: ₹0.00
2026-02-01 15:25:00,141 - INFO - ================================================================================

Note: Big opportunity cost since due to Internet issues and logic issue ( EMA seperation values have been differed 21/63 EMA values it was 13/39 EMA.


2026-02-02 15:25:07,978 - INFO - 📊 END OF DAY SUMMARY - v4.6 ULTIMATE
2026-02-02 15:25:07,978 - INFO - ================================================================================
2026-02-02 15:25:07,978 - INFO - CE: 0 trades | 0W-0L | P&L: ₹0.00
2026-02-02 15:25:07,978 - INFO - PE: 3 trades | 0W-0L | P&L: ₹0.00
2026-02-02 15:25:07,979 - INFO - TOTAL: 3 trades | Net P&L: ₹0.00
2026-02-02 15:25:07,979 - INFO - ================================================================================

Note: REVERSAL TREND FILTER WAS BLOCKING THE TRADES, I HAVE DISABLED FOR NOW ALSO HAVE TO CHECK AT TIME FILTERS.

2026-02-04 15:25:00,140 - INFO - 📊 END OF DAY SUMMARY - SMART FILTER MODE v4.0
2026-02-04 15:25:00,140 - INFO - ================================================================================
2026-02-04 15:25:00,141 - INFO - CE: 0 trades | 0W-0L | P&L: ₹0.00
2026-02-04 15:25:00,141 - INFO - PE: 0 trades | 0W-0L | P&L: ₹0.00
2026-02-04 15:25:00,141 - INFO - TOTAL: 0 trades | Net P&L: ₹0.00
2026-02-04 15:25:00,141 - INFO - ================================================================================

Note: Mobile data trading | stopped early because nifty sideways market

2026-02-06 15:25:35,653 - INFO - ================================================================================       
2026-02-06 15:25:35,654 - INFO - 📊 END OF DAY SUMMARY - v4.7 ULTIMATE
2026-02-06 15:25:35,654 - INFO - ================================================================================       
2026-02-06 15:25:35,654 - INFO - CE: 0 trades | 0W-0L | P&L: ₹0.00
2026-02-06 15:25:35,654 - INFO - PE: 0 trades | 0W-0L | P&L: ₹0.00
2026-02-06 15:25:35,655 - INFO - TOTAL: 0 trades | Net P&L: ₹0.00
2026-02-06 15:25:35,655 - INFO - ================================================================================   
Note: Fixed the bug for bearish filter - IT IS BLOCKING ALL trades, and adjusted the thresholds
# Line 1438-1439 - THE BUG:
bullish_cross = ema_short > ema_long
bearish_cross = ema_short > ema_long  # ❌ WRONG! Should be bearish_cross = ema_short < ema_long  # ✅ FIXED!


+++++++++++++++++++++++++++++++++++++++++++++++

Total: Zero PNL because of the 4.7 ULTIMATE bugs!